<?xml version="1.0" encoding="UTF-8"?>
<!-- Generated by org.testng.reporters.JUnitReportReporter -->
<testsuite skipped="0" hostname="DESKTOP-8USLVKS" name="com.test.LoginTest" tests="1" failures="0" timestamp="2020-04-14T21:59:32 IST" time="0.007" errors="0">
  <testcase name="Test1" time="0.007" classname="com.test.LoginTest"/>
  <system-out/>
</testsuite> <!-- com.test.LoginTest -->
